<?xml version="1.0" encoding="UTF-8"?>
<coverage generated="1715863601456" clover="3.2.0">
  <project timestamp="1715863601456" name="All files">
    <metrics statements="32" coveredstatements="27" conditionals="4" coveredconditionals="1" methods="13" coveredmethods="7" elements="49" coveredelements="35" complexity="0" loc="32" ncloc="32" packages="2" files="8" classes="8"/>
    <package name="component">
      <metrics statements="12" coveredstatements="12" conditionals="2" coveredconditionals="1" methods="5" coveredmethods="5"/>
      <file name="Grocery.js" path="/Users/gomedh.tak/namaste-react/src/component/Grocery.js">
        <metrics statements="2" coveredstatements="2" conditionals="0" coveredconditionals="0" methods="1" coveredmethods="1"/>
        <line num="1" count="1" type="stmt"/>
        <line num="2" count="3" type="stmt"/>
      </file>
      <file name="Header.js" path="/Users/gomedh.tak/namaste-react/src/component/Header.js">
        <metrics statements="8" coveredstatements="8" conditionals="2" coveredconditionals="1" methods="3" coveredmethods="3"/>
        <line num="9" count="1" type="stmt"/>
        <line num="13" count="5" type="stmt"/>
        <line num="14" count="5" type="stmt"/>
        <line num="15" count="5" type="stmt"/>
        <line num="19" count="5" type="stmt"/>
        <line num="20" count="1" type="cond" truecount="1" falsecount="1"/>
        <line num="32" count="9" type="stmt"/>
        <line num="36" count="5" type="stmt"/>
      </file>
      <file name="Sum.js" path="/Users/gomedh.tak/namaste-react/src/component/Sum.js">
        <metrics statements="2" coveredstatements="2" conditionals="0" coveredconditionals="0" methods="1" coveredmethods="1"/>
        <line num="1" count="1" type="stmt"/>
        <line num="2" count="1" type="stmt"/>
      </file>
    </package>
    <package name="utils">
      <metrics statements="20" coveredstatements="15" conditionals="2" coveredconditionals="0" methods="8" coveredmethods="2"/>
      <file name="appStore.js" path="/Users/gomedh.tak/namaste-react/src/utils/appStore.js">
        <metrics statements="1" coveredstatements="1" conditionals="0" coveredconditionals="0" methods="0" coveredmethods="0"/>
        <line num="4" count="1" type="stmt"/>
      </file>
      <file name="cartSlice.js" path="/Users/gomedh.tak/namaste-react/src/utils/cartSlice.js">
        <metrics statements="7" coveredstatements="2" conditionals="2" coveredconditionals="0" methods="4" coveredmethods="0"/>
        <line num="3" count="1" type="stmt"/>
        <line num="12" count="0" type="stmt"/>
        <line num="17" count="0" type="stmt"/>
        <line num="18" count="0" type="cond" truecount="0" falsecount="2"/>
        <line num="19" count="0" type="stmt"/>
        <line num="25" count="0" type="stmt"/>
        <line num="31" count="1" type="stmt"/>
      </file>
      <file name="constants.js" path="/Users/gomedh.tak/namaste-react/src/utils/constants.js">
        <metrics statements="5" coveredstatements="5" conditionals="0" coveredconditionals="0" methods="0" coveredmethods="0"/>
        <line num="1" count="1" type="stmt"/>
        <line num="2" count="1" type="stmt"/>
        <line num="3" count="1" type="stmt"/>
        <line num="4" count="1" type="stmt"/>
        <line num="5" count="1" type="stmt"/>
      </file>
      <file name="useOnlineStatus.js" path="/Users/gomedh.tak/namaste-react/src/utils/useOnlineStatus.js">
        <metrics statements="6" coveredstatements="6" conditionals="0" coveredconditionals="0" methods="4" coveredmethods="2"/>
        <line num="3" count="1" type="stmt"/>
        <line num="5" count="5" type="stmt"/>
        <line num="7" count="5" type="stmt"/>
        <line num="8" count="4" type="stmt"/>
        <line num="9" count="4" type="stmt"/>
        <line num="11" count="5" type="stmt"/>
      </file>
      <file name="userContext.js" path="/Users/gomedh.tak/namaste-react/src/utils/userContext.js">
        <metrics statements="1" coveredstatements="1" conditionals="0" coveredconditionals="0" methods="0" coveredmethods="0"/>
        <line num="3" count="1" type="stmt"/>
      </file>
    </package>
  </project>
</coverage>
