{"/Users/gomedh.tak/namaste-react/src/component/Grocery.js": {"path":"/Users/gomedh.tak/namaste-react/src/component/Grocery.js","statementMap":{"0":{"start":{"line":1,"column":16},"end":{"line":9,"column":1}},"1":{"start":{"line":2,"column":4},"end":{"line":8,"column":5}}},"fnMap":{"0":{"name":"(anonymous_0)","decl":{"start":{"line":1,"column":16},"end":{"line":1,"column":17}},"loc":{"start":{"line":1,"column":22},"end":{"line":9,"column":1}},"line":1}},"branchMap":{},"s":{"0":1,"1":3},"f":{"0":3},"b":{},"_coverageSchema":"1a1c01bbd47fc00a2c39e90264f33305004495a9","hash":"09dc0584e932c78557bee71e1ddfeabb9e97e7d6"}
,"/Users/gomedh.tak/namaste-react/src/component/Header.js": {"path":"/Users/gomedh.tak/namaste-react/src/component/Header.js","statementMap":{"0":{"start":{"line":9,"column":24},"end":{"line":60,"column":1}},"1":{"start":{"line":13,"column":34},"end":{"line":13,"column":51}},"2":{"start":{"line":14,"column":25},"end":{"line":14,"column":42}},"3":{"start":{"line":15,"column":17},"end":{"line":15,"column":40}},"4":{"start":{"line":19,"column":4},"end":{"line":21,"column":5}},"5":{"start":{"line":20,"column":8},"end":{"line":20,"column":70}},"6":{"start":{"line":32,"column":22},"end":{"line":32,"column":62}},"7":{"start":{"line":32,"column":45},"end":{"line":32,"column":61}},"8":{"start":{"line":36,"column":4},"end":{"line":59,"column":5}}},"fnMap":{"0":{"name":"(anonymous_0)","decl":{"start":{"line":9,"column":24},"end":{"line":9,"column":25}},"loc":{"start":{"line":9,"column":30},"end":{"line":60,"column":1}},"line":9},"1":{"name":"(anonymous_1)","decl":{"start":{"line":19,"column":17},"end":{"line":19,"column":18}},"loc":{"start":{"line":19,"column":23},"end":{"line":21,"column":5}},"line":19},"2":{"name":"(anonymous_2)","decl":{"start":{"line":32,"column":34},"end":{"line":32,"column":35}},"loc":{"start":{"line":32,"column":45},"end":{"line":32,"column":61}},"line":32}},"branchMap":{"0":{"loc":{"start":{"line":20,"column":8},"end":{"line":20,"column":69}},"type":"cond-expr","locations":[{"start":{"line":20,"column":28},"end":{"line":20,"column":48}},{"start":{"line":20,"column":50},"end":{"line":20,"column":69}}],"line":20}},"s":{"0":1,"1":5,"2":5,"3":5,"4":5,"5":1,"6":5,"7":9,"8":5},"f":{"0":5,"1":1,"2":9},"b":{"0":[1,0]},"_coverageSchema":"1a1c01bbd47fc00a2c39e90264f33305004495a9","hash":"df03d8b322bc21ecccc07479749b8a48e94c9efb"}
,"/Users/gomedh.tak/namaste-react/src/component/Sum.js": {"path":"/Users/gomedh.tak/namaste-react/src/component/Sum.js","statementMap":{"0":{"start":{"line":1,"column":19},"end":{"line":3,"column":1}},"1":{"start":{"line":2,"column":4},"end":{"line":2,"column":17}}},"fnMap":{"0":{"name":"(anonymous_0)","decl":{"start":{"line":1,"column":19},"end":{"line":1,"column":20}},"loc":{"start":{"line":1,"column":28},"end":{"line":3,"column":1}},"line":1}},"branchMap":{},"s":{"0":1,"1":1},"f":{"0":1},"b":{},"_coverageSchema":"1a1c01bbd47fc00a2c39e90264f33305004495a9","hash":"b34d84322fc0a47bb95a7646952506ed16bd3a38"}
,"/Users/gomedh.tak/namaste-react/src/utils/appStore.js": {"path":"/Users/gomedh.tak/namaste-react/src/utils/appStore.js","statementMap":{"0":{"start":{"line":4,"column":17},"end":{"line":9,"column":2}}},"fnMap":{},"branchMap":{},"s":{"0":1},"f":{},"b":{},"_coverageSchema":"1a1c01bbd47fc00a2c39e90264f33305004495a9","hash":"ac7cb33e911cedf3cc81fc715ce24e35f8ecad7b"}
,"/Users/gomedh.tak/namaste-react/src/utils/cartSlice.js": {"path":"/Users/gomedh.tak/namaste-react/src/utils/cartSlice.js","statementMap":{"0":{"start":{"line":3,"column":18},"end":{"line":29,"column":1}},"1":{"start":{"line":12,"column":12},"end":{"line":12,"column":45}},"2":{"start":{"line":17,"column":26},"end":{"line":17,"column":106}},"3":{"start":{"line":17,"column":56},"end":{"line":17,"column":105}},"4":{"start":{"line":18,"column":12},"end":{"line":20,"column":13}},"5":{"start":{"line":19,"column":16},"end":{"line":19,"column":45}},"6":{"start":{"line":25,"column":12},"end":{"line":25,"column":29}},"7":{"start":{"line":31,"column":48},"end":{"line":31,"column":65}}},"fnMap":{"0":{"name":"(anonymous_0)","decl":{"start":{"line":9,"column":17},"end":{"line":9,"column":18}},"loc":{"start":{"line":9,"column":36},"end":{"line":14,"column":9}},"line":9},"1":{"name":"(anonymous_1)","decl":{"start":{"line":16,"column":20},"end":{"line":16,"column":21}},"loc":{"start":{"line":16,"column":39},"end":{"line":21,"column":9}},"line":16},"2":{"name":"(anonymous_2)","decl":{"start":{"line":17,"column":48},"end":{"line":17,"column":49}},"loc":{"start":{"line":17,"column":56},"end":{"line":17,"column":105}},"line":17},"3":{"name":"(anonymous_3)","decl":{"start":{"line":23,"column":19},"end":{"line":23,"column":20}},"loc":{"start":{"line":23,"column":30},"end":{"line":26,"column":9}},"line":23}},"branchMap":{"0":{"loc":{"start":{"line":18,"column":12},"end":{"line":20,"column":13}},"type":"if","locations":[{"start":{"line":18,"column":12},"end":{"line":20,"column":13}},{"start":{},"end":{}}],"line":18}},"s":{"0":1,"1":0,"2":0,"3":0,"4":0,"5":0,"6":0,"7":1},"f":{"0":0,"1":0,"2":0,"3":0},"b":{"0":[0,0]},"_coverageSchema":"1a1c01bbd47fc00a2c39e90264f33305004495a9","hash":"0d0da355e60af40f4cb9a1d15086d8c7ec48579b"}
,"/Users/gomedh.tak/namaste-react/src/utils/constants.js": {"path":"/Users/gomedh.tak/namaste-react/src/utils/constants.js","statementMap":{"0":{"start":{"line":1,"column":23},"end":{"line":1,"column":106}},"1":{"start":{"line":2,"column":24},"end":{"line":2,"column":81}},"2":{"start":{"line":3,"column":29},"end":{"line":3,"column":152}},"3":{"start":{"line":4,"column":28},"end":{"line":4,"column":65}},"4":{"start":{"line":5,"column":23},"end":{"line":5,"column":50}}},"fnMap":{},"branchMap":{},"s":{"0":1,"1":1,"2":1,"3":1,"4":1},"f":{},"b":{},"_coverageSchema":"1a1c01bbd47fc00a2c39e90264f33305004495a9","hash":"4d84607f7615e908cebdcbd2acdca59e7680d634"}
,"/Users/gomedh.tak/namaste-react/src/utils/useOnlineStatus.js": {"path":"/Users/gomedh.tak/namaste-react/src/utils/useOnlineStatus.js","statementMap":{"0":{"start":{"line":3,"column":24},"end":{"line":12,"column":1}},"1":{"start":{"line":5,"column":44},"end":{"line":5,"column":58}},"2":{"start":{"line":7,"column":4},"end":{"line":10,"column":9}},"3":{"start":{"line":8,"column":8},"end":{"line":8,"column":73}},"4":{"start":{"line":8,"column":49},"end":{"line":8,"column":71}},"5":{"start":{"line":9,"column":8},"end":{"line":9,"column":71}},"6":{"start":{"line":9,"column":48},"end":{"line":9,"column":69}},"7":{"start":{"line":11,"column":4},"end":{"line":11,"column":24}}},"fnMap":{"0":{"name":"(anonymous_0)","decl":{"start":{"line":3,"column":24},"end":{"line":3,"column":25}},"loc":{"start":{"line":3,"column":30},"end":{"line":12,"column":1}},"line":3},"1":{"name":"(anonymous_1)","decl":{"start":{"line":7,"column":14},"end":{"line":7,"column":15}},"loc":{"start":{"line":7,"column":20},"end":{"line":10,"column":5}},"line":7},"2":{"name":"(anonymous_2)","decl":{"start":{"line":8,"column":43},"end":{"line":8,"column":44}},"loc":{"start":{"line":8,"column":49},"end":{"line":8,"column":71}},"line":8},"3":{"name":"(anonymous_3)","decl":{"start":{"line":9,"column":42},"end":{"line":9,"column":43}},"loc":{"start":{"line":9,"column":48},"end":{"line":9,"column":69}},"line":9}},"branchMap":{},"s":{"0":1,"1":5,"2":5,"3":4,"4":0,"5":4,"6":0,"7":5},"f":{"0":5,"1":4,"2":0,"3":0},"b":{},"_coverageSchema":"1a1c01bbd47fc00a2c39e90264f33305004495a9","hash":"5e331768b47d73dbea4e4012678df50c90c4555f"}
,"/Users/gomedh.tak/namaste-react/src/utils/userContext.js": {"path":"/Users/gomedh.tak/namaste-react/src/utils/userContext.js","statementMap":{"0":{"start":{"line":3,"column":20},"end":{"line":5,"column":2}}},"fnMap":{},"branchMap":{},"s":{"0":1},"f":{},"b":{},"_coverageSchema":"1a1c01bbd47fc00a2c39e90264f33305004495a9","hash":"cab2608259ceef9c2a6a8130ce6ce01c9d90c7b0"}
}
